<?xml version="1.0" encoding="UTF-8"?>
<testExecutions version="1">
  <file path="/Users/sqhon/Documents/dev/ngrx-practice/src/app/todos/todos.component.spec.ts">
    <testCase name="TodosComponent should render a list of todos" duration="28"/>
    <testCase name="TodosComponent should add todos" duration="22"/>
  </file>
  <file path="/Users/sqhon/Documents/dev/ngrx-practice/src/app/home/home.component.spec.ts">
    <testCase name="HomeComponent should create" duration="26"/>
  </file>
  <file path="/Users/sqhon/Documents/dev/ngrx-practice/src/app/containers/app.component.spec.ts">
    <testCase name="AppComponent should render a list of talks" duration="43"/>
  </file>
</testExecutions>