<?xml version="1.0" encoding="UTF-8"?>
<testExecutions version="1">
  <file path="/Users/sqhon/Documents/dev/ngrx-practice/src/app/home/home.component.spec.ts">
    <testCase name="HomeComponent should create" duration="33"/>
  </file>
  <file path="/Users/sqhon/Documents/dev/ngrx-practice/src/features/todos/components/todo-list/todo-list.component.spec.ts">
    <testCase name="TodoListComponent should render a list of todos" duration="32"/>
  </file>
  <file path="/Users/sqhon/Documents/dev/ngrx-practice/src/features/todos/components/todo-form/todo-form.component.spec.ts">
    <testCase name="TodoFormComponent should render a form" duration="31"/>
  </file>
  <file path="/Users/sqhon/Documents/dev/ngrx-practice/src/features/todos/containers/todos/todos.container.spec.ts">
    <testCase name="TodosContainer should receive todo stream from store" duration="29"/>
    <testCase name="TodosContainer should render todo-list and todo-form" duration="16"/>
  </file>
  <file path="/Users/sqhon/Documents/dev/ngrx-practice/src/app/containers/app.component.spec.ts">
    <testCase name="AppComponent should render a list of talks" duration="29"/>
  </file>
</testExecutions>